22:34:51.382 Root WebApplicationContext: initialization started
22:34:51.476 Refreshing Root WebApplicationContext: startup date [Wed Aug 03 22:34:51 CST 2016]; root of context hierarchy
22:34:51.507 Loading XML bean definitions from URL [file:/E:/Code/github_project/android/Diary-project/diary-api/target/classes/root-context.xml]
22:34:51.641 Loading XML bean definitions from URL [file:/E:/Code/github_project/android/Diary-project/diary-api/target/classes/email/email_config.xml]
22:34:51.751 Loading properties file from URL [file:/E:/Code/github_project/android/Diary-project/diary-api/target/classes/application.properties]
22:34:52.047 Root WebApplicationContext: initialization completed in 665 ms
22:34:52.109 FrameworkServlet 'appServlet': initialization started
22:34:52.109 Refreshing WebApplicationContext for namespace 'appServlet-servlet': startup date [Wed Aug 03 22:34:52 CST 2016]; parent: Root WebApplicationContext
22:34:52.109 Loading XML bean definitions from URL [file:/E:/Code/github_project/android/Diary-project/diary-api/target/classes/servlet-context.xml]
22:34:52.219 Overriding bean definition for bean 'org.springframework.web.servlet.mvc.method.annotation.RequestMappingHandlerMapping' with a different definition: replacing [Root bean: class [org.springframework.web.servlet.mvc.method.annotation.RequestMappingHandlerMapping]; scope=; abstract=false; lazyInit=false; autowireMode=0; dependencyCheck=0; autowireCandidate=true; primary=false; factoryBeanName=null; factoryMethodName=null; initMethodName=null; destroyMethodName=null] with [Root bean: class [org.springframework.web.servlet.mvc.method.annotation.RequestMappingHandlerMapping]; scope=; abstract=false; lazyInit=false; autowireMode=0; dependencyCheck=0; autowireCandidate=true; primary=false; factoryBeanName=null; factoryMethodName=null; initMethodName=null; destroyMethodName=null]
22:34:52.234 Overriding bean definition for bean 'org.springframework.web.servlet.mvc.method.annotation.RequestMappingHandlerAdapter' with a different definition: replacing [Root bean: class [org.springframework.web.servlet.mvc.method.annotation.RequestMappingHandlerAdapter]; scope=; abstract=false; lazyInit=false; autowireMode=0; dependencyCheck=0; autowireCandidate=true; primary=false; factoryBeanName=null; factoryMethodName=null; initMethodName=null; destroyMethodName=null] with [Root bean: class [org.springframework.web.servlet.mvc.method.annotation.RequestMappingHandlerAdapter]; scope=; abstract=false; lazyInit=false; autowireMode=0; dependencyCheck=0; autowireCandidate=true; primary=false; factoryBeanName=null; factoryMethodName=null; initMethodName=null; destroyMethodName=null]
22:34:52.234 Overriding bean definition for bean 'mvcUriComponentsContributor' with a different definition: replacing [Root bean: class [org.springframework.web.servlet.config.AnnotationDrivenBeanDefinitionParser$CompositeUriComponentsContributorFactoryBean]; scope=; abstract=false; lazyInit=false; autowireMode=0; dependencyCheck=0; autowireCandidate=true; primary=false; factoryBeanName=null; factoryMethodName=null; initMethodName=null; destroyMethodName=null] with [Root bean: class [org.springframework.web.servlet.config.AnnotationDrivenBeanDefinitionParser$CompositeUriComponentsContributorFactoryBean]; scope=; abstract=false; lazyInit=false; autowireMode=0; dependencyCheck=0; autowireCandidate=true; primary=false; factoryBeanName=null; factoryMethodName=null; initMethodName=null; destroyMethodName=null]
22:34:52.297 JSR-330 'javax.inject.Inject' annotation found and supported for autowiring
22:34:52.516 Mapped "{[/downloadapk]}" onto public void com.yzz.diary.controller.DownloadController.downLoadApk(javax.servlet.http.HttpServletResponse)
22:34:52.523 Mapped "{[/1],methods=[GET],produces=[application/json]}" onto public java.lang.String com.yzz.diary.controller.HomeController.home2(java.util.Locale,org.springframework.ui.Model,java.lang.String)
22:34:52.523 Mapped "{[/saveuser],methods=[POST],produces=[application/json]}" onto public java.lang.String com.yzz.diary.controller.HomeController.saveUser(com.yzz.diary.entity.User,org.springframework.validation.BindingResult)
22:34:52.523 Mapped "{[/index]}" onto public java.lang.String com.yzz.diary.controller.HomeController.hello()
22:34:52.523 Mapped "{[/],methods=[GET],produces=[application/json]}" onto public java.lang.String com.yzz.diary.controller.HomeController.home(java.util.Locale,org.springframework.ui.Model,java.lang.String)
22:34:52.523 Mapped "{[/mail],produces=[application/json]}" onto public java.lang.String com.yzz.diary.controller.HomeController.sendEmail()
22:34:52.944 Looking for @ControllerAdvice: WebApplicationContext for namespace 'appServlet-servlet': startup date [Wed Aug 03 22:34:52 CST 2016]; parent: Root WebApplicationContext
22:34:52.991 Looking for @ControllerAdvice: WebApplicationContext for namespace 'appServlet-servlet': startup date [Wed Aug 03 22:34:52 CST 2016]; parent: Root WebApplicationContext
22:34:53.085 Mapped URL path [/**] onto handler 'org.springframework.web.servlet.resource.DefaultServletHttpRequestHandler#0'
22:34:53.116 Mapped URL path [/**] onto handler 'org.springframework.web.servlet.resource.DefaultServletHttpRequestHandler#1'
22:34:53.132 Root mapping to handler of type [class org.springframework.web.servlet.mvc.ParameterizableViewController]
22:34:53.179 FrameworkServlet 'appServlet': initialization completed in 1070 ms
22:35:00.609 testLog:class com.yzz.diary.entity.User
22:35:00.610 warn test!
22:36:37.900 Root WebApplicationContext: initialization started
22:36:37.978 Refreshing Root WebApplicationContext: startup date [Wed Aug 03 22:36:37 CST 2016]; root of context hierarchy
22:36:38.025 Loading XML bean definitions from URL [file:/E:/Code/github_project/android/Diary-project/diary-api/target/classes/root-context.xml]
22:36:38.150 Loading XML bean definitions from URL [file:/E:/Code/github_project/android/Diary-project/diary-api/target/classes/email/email_config.xml]
22:36:38.241 Loading properties file from URL [file:/E:/Code/github_project/android/Diary-project/diary-api/target/classes/application.properties]
22:36:38.547 Root WebApplicationContext: initialization completed in 647 ms
22:36:38.610 FrameworkServlet 'appServlet': initialization started
22:36:38.610 Refreshing WebApplicationContext for namespace 'appServlet-servlet': startup date [Wed Aug 03 22:36:38 CST 2016]; parent: Root WebApplicationContext
22:36:38.610 Loading XML bean definitions from URL [file:/E:/Code/github_project/android/Diary-project/diary-api/target/classes/servlet-context.xml]
22:36:38.735 Overriding bean definition for bean 'org.springframework.web.servlet.mvc.method.annotation.RequestMappingHandlerMapping' with a different definition: replacing [Root bean: class [org.springframework.web.servlet.mvc.method.annotation.RequestMappingHandlerMapping]; scope=; abstract=false; lazyInit=false; autowireMode=0; dependencyCheck=0; autowireCandidate=true; primary=false; factoryBeanName=null; factoryMethodName=null; initMethodName=null; destroyMethodName=null] with [Root bean: class [org.springframework.web.servlet.mvc.method.annotation.RequestMappingHandlerMapping]; scope=; abstract=false; lazyInit=false; autowireMode=0; dependencyCheck=0; autowireCandidate=true; primary=false; factoryBeanName=null; factoryMethodName=null; initMethodName=null; destroyMethodName=null]
22:36:38.735 Overriding bean definition for bean 'org.springframework.web.servlet.mvc.method.annotation.RequestMappingHandlerAdapter' with a different definition: replacing [Root bean: class [org.springframework.web.servlet.mvc.method.annotation.RequestMappingHandlerAdapter]; scope=; abstract=false; lazyInit=false; autowireMode=0; dependencyCheck=0; autowireCandidate=true; primary=false; factoryBeanName=null; factoryMethodName=null; initMethodName=null; destroyMethodName=null] with [Root bean: class [org.springframework.web.servlet.mvc.method.annotation.RequestMappingHandlerAdapter]; scope=; abstract=false; lazyInit=false; autowireMode=0; dependencyCheck=0; autowireCandidate=true; primary=false; factoryBeanName=null; factoryMethodName=null; initMethodName=null; destroyMethodName=null]
22:36:38.735 Overriding bean definition for bean 'mvcUriComponentsContributor' with a different definition: replacing [Root bean: class [org.springframework.web.servlet.config.AnnotationDrivenBeanDefinitionParser$CompositeUriComponentsContributorFactoryBean]; scope=; abstract=false; lazyInit=false; autowireMode=0; dependencyCheck=0; autowireCandidate=true; primary=false; factoryBeanName=null; factoryMethodName=null; initMethodName=null; destroyMethodName=null] with [Root bean: class [org.springframework.web.servlet.config.AnnotationDrivenBeanDefinitionParser$CompositeUriComponentsContributorFactoryBean]; scope=; abstract=false; lazyInit=false; autowireMode=0; dependencyCheck=0; autowireCandidate=true; primary=false; factoryBeanName=null; factoryMethodName=null; initMethodName=null; destroyMethodName=null]
22:36:38.813 JSR-330 'javax.inject.Inject' annotation found and supported for autowiring
22:36:39.016 Mapped "{[/downloadapk]}" onto public void com.yzz.diary.controller.DownloadController.downLoadApk(javax.servlet.http.HttpServletResponse)
22:36:39.032 Mapped "{[/],methods=[GET],produces=[application/json]}" onto public java.lang.String com.yzz.diary.controller.HomeController.home(java.util.Locale,org.springframework.ui.Model,java.lang.String)
22:36:39.032 Mapped "{[/1],methods=[GET],produces=[application/json]}" onto public java.lang.String com.yzz.diary.controller.HomeController.home2(java.util.Locale,org.springframework.ui.Model,java.lang.String)
22:36:39.032 Mapped "{[/mail],produces=[application/json]}" onto public java.lang.String com.yzz.diary.controller.HomeController.sendEmail()
22:36:39.032 Mapped "{[/saveuser],methods=[POST],produces=[application/json]}" onto public java.lang.String com.yzz.diary.controller.HomeController.saveUser(com.yzz.diary.entity.User,org.springframework.validation.BindingResult)
22:36:39.032 Mapped "{[/index]}" onto public java.lang.String com.yzz.diary.controller.HomeController.hello()
22:36:39.438 Looking for @ControllerAdvice: WebApplicationContext for namespace 'appServlet-servlet': startup date [Wed Aug 03 22:36:38 CST 2016]; parent: Root WebApplicationContext
22:36:39.479 Looking for @ControllerAdvice: WebApplicationContext for namespace 'appServlet-servlet': startup date [Wed Aug 03 22:36:38 CST 2016]; parent: Root WebApplicationContext
22:36:39.557 Mapped URL path [/**] onto handler 'org.springframework.web.servlet.resource.DefaultServletHttpRequestHandler#0'
22:36:39.604 Mapped URL path [/**] onto handler 'org.springframework.web.servlet.resource.DefaultServletHttpRequestHandler#1'
22:36:39.604 Root mapping to handler of type [class org.springframework.web.servlet.mvc.ParameterizableViewController]
22:36:39.667 FrameworkServlet 'appServlet': initialization completed in 1057 ms
22:36:44.361 warn test!
